No local changes to save
From github.com:lucas-a-meyer/lucas-a-meyer.github.io
   8417a28..3e7e4a5  main       -> origin/main
Updating 8417a28..3e7e4a5
Fast-forward
 docs/about.html                                    |   2 +-
 docs/index.html                                    |  96 +++++++++----------
 docs/posts/2017-09-11-hurricane-irma.html          |   2 +-
 ...11-17-lenovo-p51-the-data-scientist-laptop.html |   2 +-
 ...6-25-centralized-vs-distributed-data-teams.html |   2 +-
 ...raising-conway-s-data-science-venn-diagram.html |   2 +-
 docs/posts/2018-08-23-yo-stroopwafel.html          |   2 +-
 docs/posts/2019-01-29-installing-arch-linux.html   |   2 +-
 docs/posts/2019-02-04-a-story-about-my-father.html |   2 +-
 .../2019-02-12-the-day-somebody-stole-my-work.html |   2 +-
 ...ou-should-blog-if-you-are-a-data-scientist.html |   6 +-
 docs/posts/2021-04-15-flunking.html                |   2 +-
 ...1-04-30-some-tips-for-technical-interviews.html |   2 +-
 docs/posts/2021-05-06-document-variables.html      |   2 +-
 docs/posts/2021-05-12-getting-nervous.html         |   2 +-
 ...iring-manager-posts-a-position-on-linkedin.html |   2 +-
 ...s-why-i-didnt-answer-your-linkedin-message.html |   2 +-
 ...021-06-21-interviews-are-hard-for-everyone.html |   2 +-
 ...07-02-how-to-fail-a-technical-phone-screen.html |   2 +-
 docs/posts/2021-07-07-the-goodwill-account.html    |   2 +-
 .../2021-07-13-so-you-want-to-be-a-manager.html    |   2 +-
 docs/posts/2021-07-22-the-xy-problem.html          |   6 +-
 ...2021-07-31-so-you-want-to-become-a-manager.html |   2 +-
 .../2021-08-17-the-neurodivergent-manager.html     |   2 +-
 docs/posts/2021-09-06-mad-neds-advice.html         |   2 +-
 docs/posts/2021-09-11-data-science-and-911.html    |   2 +-
 docs/posts/2021-09-18-writing-good-emails.html     |   2 +-
 ...05-optimization-algorithms-for-your-career.html |   2 +-
 ...0-do-you-know-how-smart-i-am-in-portuguese.html |   2 +-
 docs/posts/2021-10-27-reverse-laziness.html        |   2 +-
 docs/posts/2021-11-04-cunninghams-law.html         |   6 +-
 docs/posts/2021-11-22-reverse-causation.html       |   2 +-
 docs/posts/2021-11-29-weak-baselines.html          |   2 +-
 ...ing-corn-cob-lights-to-beat-seasonal-blues.html |   2 +-
 docs/posts/2022-04-02-chestertons-fence.html       |   2 +-
 docs/posts/2022-04-04-south-carolina-dolphins.html |   2 +-
 docs/posts/2022-04-05-hiring-is-a-superpower.html  |   2 +-
 docs/posts/2022-04-11-leaving-amazon.html          |   2 +-
 ...2022-04-13-my-policies-around-interviewing.html |   2 +-
 docs/posts/2022-04-15-farewell-lunch.html          |   2 +-
 docs/posts/2022-04-17-bear-on-tree.html            |   2 +-
 docs/posts/2022-04-18-joining-microsoft.html       |   2 +-
 .../posts/2022-04-24-writing-saves-introverts.html |   2 +-
 docs/posts/2022-05-10-work-life-balance.html       |   2 +-
 docs/posts/2022-06-10-jekyll-to-quarto.html        |   2 +-
 .../2022-06-16-failing-to-lead-by-example.html     |   2 +-
 docs/posts/2022-06-20-computer-urinal.html         |   2 +-
 .../2022-06-21-becoming-good-ai-for-good.html      |   2 +-
 docs/posts/2022-06-23-charleston-vacations.html    |   2 +-
 docs/posts/2022-06-25-france-is-bacon.html         |   2 +-
 ...22-06-27-automatically-posting-to-linkedin.html |   2 +-
 docs/posts/2022-06-28-farmers-dog.html             |   2 +-
 docs/posts/2022-06-30-that-is-a-good-question.html |   2 +-
 docs/site_libs/quarto-html/quarto.js               |   5 +-
 docs/sitemap.xml                                   | 102 ++++++++++-----------
 docs/talks.html                                    |   2 +-
 docs/utils/2022-06-20-computer-urinal.html         |   2 +-
 post-articles.py                                   |  56 +++++++----
 posts/2022-06-23-charleston-vacations.qmd          |   5 +-
 requirements.txt                                   |   1 +
 60 files changed, 204 insertions(+), 181 deletions(-)
Requirement already satisfied: aiofile==3.7.4 in /usr/local/lib/python3.8/dist-packages (from -r /home/lucasmeyer/personal/blog/requirements.txt (line 1)) (3.7.4)
Requirement already satisfied: aiohttp==3.8.1 in /usr/local/lib/python3.8/dist-packages (from -r /home/lucasmeyer/personal/blog/requirements.txt (line 2)) (3.8.1)
Requirement already satisfied: aiosignal==1.2.0 in /usr/local/lib/python3.8/dist-packages (from -r /home/lucasmeyer/personal/blog/requirements.txt (line 3)) (1.2.0)
Requirement already satisfied: argon2-cffi==21.3.0 in /usr/local/lib/python3.8/dist-packages (from -r /home/lucasmeyer/personal/blog/requirements.txt (line 4)) (21.3.0)
Requirement already satisfied: argon2-cffi-bindings==21.2.0 in /usr/local/lib/python3.8/dist-packages (from -r /home/lucasmeyer/personal/blog/requirements.txt (line 5)) (21.2.0)
Requirement already satisfied: asttokens==2.0.5 in /usr/local/lib/python3.8/dist-packages (from -r /home/lucasmeyer/personal/blog/requirements.txt (line 6)) (2.0.5)
Requirement already satisfied: async-timeout==4.0.2 in /usr/local/lib/python3.8/dist-packages (from -r /home/lucasmeyer/personal/blog/requirements.txt (line 7)) (4.0.2)
Requirement already satisfied: asyncio==3.4.3 in /usr/local/lib/python3.8/dist-packages (from -r /home/lucasmeyer/personal/blog/requirements.txt (line 8)) (3.4.3)
Requirement already satisfied: attrs==21.4.0 in /usr/local/lib/python3.8/dist-packages (from -r /home/lucasmeyer/personal/blog/requirements.txt (line 9)) (21.4.0)
Requirement already satisfied: backcall==0.2.0 in /usr/local/lib/python3.8/dist-packages (from -r /home/lucasmeyer/personal/blog/requirements.txt (line 10)) (0.2.0)
Requirement already satisfied: beautifulsoup4==4.11.1 in /usr/local/lib/python3.8/dist-packages (from -r /home/lucasmeyer/personal/blog/requirements.txt (line 11)) (4.11.1)
Requirement already satisfied: bleach==5.0.0 in /usr/local/lib/python3.8/dist-packages (from -r /home/lucasmeyer/personal/blog/requirements.txt (line 12)) (5.0.0)
Requirement already satisfied: caio==0.9.5 in /usr/local/lib/python3.8/dist-packages (from -r /home/lucasmeyer/personal/blog/requirements.txt (line 13)) (0.9.5)
Requirement already satisfied: certifi==2022.6.15 in /usr/local/lib/python3.8/dist-packages (from -r /home/lucasmeyer/personal/blog/requirements.txt (line 14)) (2022.6.15)
Requirement already satisfied: cffi==1.15.0 in /usr/local/lib/python3.8/dist-packages (from -r /home/lucasmeyer/personal/blog/requirements.txt (line 15)) (1.15.0)
Requirement already satisfied: charset-normalizer==2.0.12 in /usr/local/lib/python3.8/dist-packages (from -r /home/lucasmeyer/personal/blog/requirements.txt (line 16)) (2.0.12)
Requirement already satisfied: debugpy==1.6.0 in /usr/local/lib/python3.8/dist-packages (from -r /home/lucasmeyer/personal/blog/requirements.txt (line 17)) (1.6.0)
Requirement already satisfied: decorator==5.1.1 in /usr/local/lib/python3.8/dist-packages (from -r /home/lucasmeyer/personal/blog/requirements.txt (line 18)) (5.1.1)
Requirement already satisfied: defusedxml==0.7.1 in /usr/local/lib/python3.8/dist-packages (from -r /home/lucasmeyer/personal/blog/requirements.txt (line 19)) (0.7.1)
Requirement already satisfied: entrypoints==0.4 in /usr/local/lib/python3.8/dist-packages (from -r /home/lucasmeyer/personal/blog/requirements.txt (line 20)) (0.4)
Requirement already satisfied: executing==0.8.3 in /usr/local/lib/python3.8/dist-packages (from -r /home/lucasmeyer/personal/blog/requirements.txt (line 21)) (0.8.3)
Requirement already satisfied: fastjsonschema==2.15.3 in /usr/local/lib/python3.8/dist-packages (from -r /home/lucasmeyer/personal/blog/requirements.txt (line 22)) (2.15.3)
Requirement already satisfied: frozenlist==1.3.0 in /usr/local/lib/python3.8/dist-packages (from -r /home/lucasmeyer/personal/blog/requirements.txt (line 23)) (1.3.0)
Requirement already satisfied: idna==3.3 in /usr/local/lib/python3.8/dist-packages (from -r /home/lucasmeyer/personal/blog/requirements.txt (line 24)) (3.3)
Requirement already satisfied: importlib-metadata==4.11.4 in /usr/local/lib/python3.8/dist-packages (from -r /home/lucasmeyer/personal/blog/requirements.txt (line 25)) (4.11.4)
Requirement already satisfied: importlib-resources==5.8.0 in /usr/local/lib/python3.8/dist-packages (from -r /home/lucasmeyer/personal/blog/requirements.txt (line 26)) (5.8.0)
Requirement already satisfied: ipykernel==6.13.1 in /usr/local/lib/python3.8/dist-packages (from -r /home/lucasmeyer/personal/blog/requirements.txt (line 27)) (6.13.1)
Requirement already satisfied: ipython==8.4.0 in /usr/local/lib/python3.8/dist-packages (from -r /home/lucasmeyer/personal/blog/requirements.txt (line 28)) (8.4.0)
Requirement already satisfied: ipython-genutils==0.2.0 in /usr/local/lib/python3.8/dist-packages (from -r /home/lucasmeyer/personal/blog/requirements.txt (line 29)) (0.2.0)
Requirement already satisfied: ipywidgets==7.7.0 in /usr/local/lib/python3.8/dist-packages (from -r /home/lucasmeyer/personal/blog/requirements.txt (line 30)) (7.7.0)
Requirement already satisfied: jedi==0.18.1 in /usr/local/lib/python3.8/dist-packages (from -r /home/lucasmeyer/personal/blog/requirements.txt (line 31)) (0.18.1)
Requirement already satisfied: Jinja2==3.1.2 in /usr/local/lib/python3.8/dist-packages (from -r /home/lucasmeyer/personal/blog/requirements.txt (line 32)) (3.1.2)
Requirement already satisfied: jsonschema==4.6.0 in /usr/local/lib/python3.8/dist-packages (from -r /home/lucasmeyer/personal/blog/requirements.txt (line 33)) (4.6.0)
Requirement already satisfied: jupyter==1.0.0 in /usr/local/lib/python3.8/dist-packages (from -r /home/lucasmeyer/personal/blog/requirements.txt (line 34)) (1.0.0)
Requirement already satisfied: jupyter-client==7.3.4 in /usr/local/lib/python3.8/dist-packages (from -r /home/lucasmeyer/personal/blog/requirements.txt (line 35)) (7.3.4)
Requirement already satisfied: jupyter-console==6.4.3 in /usr/local/lib/python3.8/dist-packages (from -r /home/lucasmeyer/personal/blog/requirements.txt (line 36)) (6.4.3)
Requirement already satisfied: jupyter-core==4.10.0 in /usr/local/lib/python3.8/dist-packages (from -r /home/lucasmeyer/personal/blog/requirements.txt (line 37)) (4.10.0)
Requirement already satisfied: jupyterlab-pygments==0.2.2 in /usr/local/lib/python3.8/dist-packages (from -r /home/lucasmeyer/personal/blog/requirements.txt (line 38)) (0.2.2)
Requirement already satisfied: jupyterlab-widgets==1.1.0 in /usr/local/lib/python3.8/dist-packages (from -r /home/lucasmeyer/personal/blog/requirements.txt (line 39)) (1.1.0)
Requirement already satisfied: linkedin-cli==0.1.4 in /usr/local/lib/python3.8/dist-packages (from -r /home/lucasmeyer/personal/blog/requirements.txt (line 40)) (0.1.4)
Requirement already satisfied: lxml==4.9.0 in /usr/local/lib/python3.8/dist-packages (from -r /home/lucasmeyer/personal/blog/requirements.txt (line 41)) (4.9.0)
Requirement already satisfied: Markdown==3.3.7 in /usr/local/lib/python3.8/dist-packages (from -r /home/lucasmeyer/personal/blog/requirements.txt (line 42)) (3.3.7)
Requirement already satisfied: MarkupSafe==2.1.1 in /usr/local/lib/python3.8/dist-packages (from -r /home/lucasmeyer/personal/blog/requirements.txt (line 43)) (2.1.1)
Requirement already satisfied: matplotlib-inline==0.1.3 in /usr/local/lib/python3.8/dist-packages (from -r /home/lucasmeyer/personal/blog/requirements.txt (line 44)) (0.1.3)
Requirement already satisfied: mistune==0.8.4 in /usr/local/lib/python3.8/dist-packages (from -r /home/lucasmeyer/personal/blog/requirements.txt (line 45)) (0.8.4)
Requirement already satisfied: multidict==6.0.2 in /usr/local/lib/python3.8/dist-packages (from -r /home/lucasmeyer/personal/blog/requirements.txt (line 46)) (6.0.2)
Requirement already satisfied: nbclient==0.6.4 in /usr/local/lib/python3.8/dist-packages (from -r /home/lucasmeyer/personal/blog/requirements.txt (line 47)) (0.6.4)
Requirement already satisfied: nbconvert==6.5.0 in /usr/local/lib/python3.8/dist-packages (from -r /home/lucasmeyer/personal/blog/requirements.txt (line 48)) (6.5.0)
Requirement already satisfied: nbformat==5.4.0 in /usr/local/lib/python3.8/dist-packages (from -r /home/lucasmeyer/personal/blog/requirements.txt (line 49)) (5.4.0)
Requirement already satisfied: nest-asyncio==1.5.5 in /usr/local/lib/python3.8/dist-packages (from -r /home/lucasmeyer/personal/blog/requirements.txt (line 50)) (1.5.5)
Requirement already satisfied: notebook==6.4.12 in /usr/local/lib/python3.8/dist-packages (from -r /home/lucasmeyer/personal/blog/requirements.txt (line 51)) (6.4.12)
Requirement already satisfied: oauthlib==3.2.0 in /usr/local/lib/python3.8/dist-packages (from -r /home/lucasmeyer/personal/blog/requirements.txt (line 52)) (3.2.0)
Requirement already satisfied: packaging==21.3 in /usr/local/lib/python3.8/dist-packages (from -r /home/lucasmeyer/personal/blog/requirements.txt (line 53)) (21.3)
Requirement already satisfied: pandocfilters==1.5.0 in /usr/local/lib/python3.8/dist-packages (from -r /home/lucasmeyer/personal/blog/requirements.txt (line 54)) (1.5.0)
Requirement already satisfied: parso==0.8.3 in /usr/local/lib/python3.8/dist-packages (from -r /home/lucasmeyer/personal/blog/requirements.txt (line 55)) (0.8.3)
Requirement already satisfied: pexpect==4.8.0 in /usr/local/lib/python3.8/dist-packages (from -r /home/lucasmeyer/personal/blog/requirements.txt (line 56)) (4.8.0)
Requirement already satisfied: pickleshare==0.7.5 in /usr/local/lib/python3.8/dist-packages (from -r /home/lucasmeyer/personal/blog/requirements.txt (line 57)) (0.7.5)
Requirement already satisfied: Pillow==9.1.1 in /usr/local/lib/python3.8/dist-packages (from -r /home/lucasmeyer/personal/blog/requirements.txt (line 58)) (9.1.1)
Requirement already satisfied: prometheus-client==0.14.1 in /usr/local/lib/python3.8/dist-packages (from -r /home/lucasmeyer/personal/blog/requirements.txt (line 59)) (0.14.1)
Requirement already satisfied: prompt-toolkit==3.0.29 in /usr/local/lib/python3.8/dist-packages (from -r /home/lucasmeyer/personal/blog/requirements.txt (line 60)) (3.0.29)
Requirement already satisfied: psutil==5.9.1 in /usr/local/lib/python3.8/dist-packages (from -r /home/lucasmeyer/personal/blog/requirements.txt (line 61)) (5.9.1)
Requirement already satisfied: ptyprocess==0.7.0 in /usr/local/lib/python3.8/dist-packages (from -r /home/lucasmeyer/personal/blog/requirements.txt (line 62)) (0.7.0)
Requirement already satisfied: pure-eval==0.2.2 in /usr/local/lib/python3.8/dist-packages (from -r /home/lucasmeyer/personal/blog/requirements.txt (line 63)) (0.2.2)
Requirement already satisfied: pycparser==2.21 in /usr/local/lib/python3.8/dist-packages (from -r /home/lucasmeyer/personal/blog/requirements.txt (line 64)) (2.21)
Requirement already satisfied: Pygments==2.12.0 in /usr/local/lib/python3.8/dist-packages (from -r /home/lucasmeyer/personal/blog/requirements.txt (line 65)) (2.12.0)
Requirement already satisfied: PyJWT==2.4.0 in /usr/local/lib/python3.8/dist-packages (from -r /home/lucasmeyer/personal/blog/requirements.txt (line 66)) (2.4.0)
Requirement already satisfied: pyparsing==3.0.9 in /usr/local/lib/python3.8/dist-packages (from -r /home/lucasmeyer/personal/blog/requirements.txt (line 67)) (3.0.9)
Requirement already satisfied: pyrsistent==0.18.1 in /usr/local/lib/python3.8/dist-packages (from -r /home/lucasmeyer/personal/blog/requirements.txt (line 68)) (0.18.1)
Requirement already satisfied: python-dateutil==2.8.2 in /usr/local/lib/python3.8/dist-packages (from -r /home/lucasmeyer/personal/blog/requirements.txt (line 69)) (2.8.2)
Collecting python-dotenv==0.20.0
  Downloading python_dotenv-0.20.0-py3-none-any.whl (17 kB)
Requirement already satisfied: python-pptx==0.6.21 in /usr/local/lib/python3.8/dist-packages (from -r /home/lucasmeyer/personal/blog/requirements.txt (line 71)) (0.6.21)
Requirement already satisfied: pytz==2022.1 in /usr/local/lib/python3.8/dist-packages (from -r /home/lucasmeyer/personal/blog/requirements.txt (line 72)) (2022.1)
Requirement already satisfied: PyYAML==6.0 in /usr/local/lib/python3.8/dist-packages (from -r /home/lucasmeyer/personal/blog/requirements.txt (line 73)) (6.0)
Requirement already satisfied: pyzmq==23.1.0 in /usr/local/lib/python3.8/dist-packages (from -r /home/lucasmeyer/personal/blog/requirements.txt (line 74)) (23.1.0)
Requirement already satisfied: qtconsole==5.3.1 in /usr/local/lib/python3.8/dist-packages (from -r /home/lucasmeyer/personal/blog/requirements.txt (line 75)) (5.3.1)
Requirement already satisfied: QtPy==2.1.0 in /usr/local/lib/python3.8/dist-packages (from -r /home/lucasmeyer/personal/blog/requirements.txt (line 76)) (2.1.0)
Requirement already satisfied: requests==2.28.0 in /usr/local/lib/python3.8/dist-packages (from -r /home/lucasmeyer/personal/blog/requirements.txt (line 77)) (2.28.0)
Requirement already satisfied: requests-oauthlib==1.3.1 in /usr/local/lib/python3.8/dist-packages (from -r /home/lucasmeyer/personal/blog/requirements.txt (line 78)) (1.3.1)
Requirement already satisfied: Send2Trash==1.8.0 in /usr/local/lib/python3.8/dist-packages (from -r /home/lucasmeyer/personal/blog/requirements.txt (line 79)) (1.8.0)
Requirement already satisfied: sitemap-generator==0.9.8 in /usr/local/lib/python3.8/dist-packages (from -r /home/lucasmeyer/personal/blog/requirements.txt (line 80)) (0.9.8)
Requirement already satisfied: six==1.16.0 in /usr/local/lib/python3.8/dist-packages (from -r /home/lucasmeyer/personal/blog/requirements.txt (line 81)) (1.16.0)
Requirement already satisfied: soupsieve==2.3.2.post1 in /usr/local/lib/python3.8/dist-packages (from -r /home/lucasmeyer/personal/blog/requirements.txt (line 82)) (2.3.2.post1)
Requirement already satisfied: stack-data==0.2.0 in /usr/local/lib/python3.8/dist-packages (from -r /home/lucasmeyer/personal/blog/requirements.txt (line 83)) (0.2.0)
Requirement already satisfied: terminado==0.15.0 in /usr/local/lib/python3.8/dist-packages (from -r /home/lucasmeyer/personal/blog/requirements.txt (line 84)) (0.15.0)
Requirement already satisfied: tinycss2==1.1.1 in /usr/local/lib/python3.8/dist-packages (from -r /home/lucasmeyer/personal/blog/requirements.txt (line 85)) (1.1.1)
Requirement already satisfied: tornado==6.1 in /usr/local/lib/python3.8/dist-packages (from -r /home/lucasmeyer/personal/blog/requirements.txt (line 86)) (6.1)
Requirement already satisfied: traitlets==5.2.2.post1 in /usr/local/lib/python3.8/dist-packages (from -r /home/lucasmeyer/personal/blog/requirements.txt (line 87)) (5.2.2.post1)
Requirement already satisfied: tweepy==4.10.0 in /usr/local/lib/python3.8/dist-packages (from -r /home/lucasmeyer/personal/blog/requirements.txt (line 88)) (4.10.0)
Requirement already satisfied: twilio==7.9.3 in /usr/local/lib/python3.8/dist-packages (from -r /home/lucasmeyer/personal/blog/requirements.txt (line 89)) (7.9.3)
Requirement already satisfied: urllib3==1.26.9 in /usr/local/lib/python3.8/dist-packages (from -r /home/lucasmeyer/personal/blog/requirements.txt (line 90)) (1.26.9)
Requirement already satisfied: wcwidth==0.2.5 in /usr/local/lib/python3.8/dist-packages (from -r /home/lucasmeyer/personal/blog/requirements.txt (line 91)) (0.2.5)
Requirement already satisfied: webencodings==0.5.1 in /usr/local/lib/python3.8/dist-packages (from -r /home/lucasmeyer/personal/blog/requirements.txt (line 92)) (0.5.1)
Requirement already satisfied: widgetsnbextension==3.6.0 in /usr/local/lib/python3.8/dist-packages (from -r /home/lucasmeyer/personal/blog/requirements.txt (line 93)) (3.6.0)
Requirement already satisfied: XlsxWriter==3.0.3 in /usr/local/lib/python3.8/dist-packages (from -r /home/lucasmeyer/personal/blog/requirements.txt (line 94)) (3.0.3)
Requirement already satisfied: yarl==1.7.2 in /usr/local/lib/python3.8/dist-packages (from -r /home/lucasmeyer/personal/blog/requirements.txt (line 95)) (1.7.2)
Requirement already satisfied: zipp==3.8.0 in /usr/local/lib/python3.8/dist-packages (from -r /home/lucasmeyer/personal/blog/requirements.txt (line 96)) (3.8.0)
Requirement already satisfied: setuptools>=18.5 in /usr/lib/python3/dist-packages (from ipython==8.4.0->-r /home/lucasmeyer/personal/blog/requirements.txt (line 28)) (45.2.0)
Installing collected packages: python-dotenv
  WARNING: The script dotenv is installed in '/usr/local/bin' which is not on PATH.
  Consider adding this directory to PATH or, if you prefer to suppress this warning, use --no-warn-script-location.
Successfully installed python-dotenv-0.20.0
[1m[34m./pre-render.sh[39m[22m
Started rendering on Fri Jun 24 14:00:05 PDT 2022
Processing directory: posts
Processing posts/2022-06-10-jekyll-to-quarto.qmd
Traceback (most recent call last):
  File "post-articles.py", line 376, in <module>
    sys.exit(main())
  File "post-articles.py", line 157, in main
    process_directory(di)
  File "post-articles.py", line 146, in process_directory
    process_file(filepath)
  File "post-articles.py", line 368, in process_file
    if not draft and twitter_post_date > datetime.date.today():
TypeError: '>' not supported between instances of 'NoneType' and 'datetime.date'

[1m[34m[ 1/55] about.qmd[39m[22m
[1m[34m[ 2/55] talks.qmd[39m[22m
[1m[34m[ 3/55] index.qmd[39m[22m
[1m[34m[ 4/55] posts/2022-06-10-jekyll-to-quarto.qmd[39m[22m
[1m[34m[ 5/55] posts/2021-11-04-cunninghams-law.qmd[39m[22m
[1m[34m[ 6/55] posts/2017-11-17-lenovo-p51-the-data-scientist-laptop.qmd[39m[22m
[1m[34m[ 7/55] posts/2022-06-25-france-is-bacon.qmd[39m[22m
[1m[34m[ 8/55] posts/2022-06-21-becoming-good-ai-for-good.qmd[39m[22m
[1m[34m[ 9/55] posts/2022-06-20-computer-urinal.qmd[39m[22m
[1m[34m[10/55] posts/2022-04-17-bear-on-tree.qmd[39m[22m
[1m[34m[11/55] posts/2022-04-05-hiring-is-a-superpower.qmd[39m[22m
[1m[34m[12/55] posts/2017-09-11-hurricane-irma.qmd[39m[22m
[1m[34m[13/55] posts/2022-04-02-chestertons-fence.qmd[39m[22m
[1m[34m[14/55] posts/2022-04-15-farewell-lunch.qmd[39m[22m
[1m[34m[15/55] posts/2021-10-27-reverse-laziness.qmd[39m[22m
[1m[34m[16/55] posts/2019-02-04-a-story-about-my-father.qmd[39m[22m
[1m[34m[17/55] posts/2022-06-23-charleston-vacations.qmd[39m[22m
[1m[34m[18/55] posts/2021-07-07-the-goodwill-account.qmd[39m[22m
[1m[34m[19/55] posts/2022-06-30-that-is-a-good-question.qmd[39m[22m
[1m[34m[20/55] posts/2021-09-06-mad-neds-advice.qmd[39m[22m
[1m[34m[21/55] posts/2021-04-15-flunking.qmd[39m[22m
[1m[34m[22/55] posts/2022-04-18-joining-microsoft.qmd[39m[22m
[1m[34m[23/55] posts/2021-05-06-document-variables.qmd[39m[22m
[1m[34m[24/55] posts/2019-02-13-why-you-should-blog-if-you-are-a-data-scientist.qmd[39m[22m
[1m[34m[25/55] posts/2022-05-10-work-life-balance.qmd[39m[22m
[1m[34m[26/55] posts/2019-02-12-the-day-somebody-stole-my-work.qmd[39m[22m
[1m[34m[27/55] posts/2018-07-08-praising-conway-s-data-science-venn-diagram.qmd[39m[22m
[1m[34m[28/55] posts/2021-06-21-interviews-are-hard-for-everyone.qmd[39m[22m
[1m[34m[29/55] posts/2018-06-25-centralized-vs-distributed-data-teams.qmd[39m[22m
[1m[34m[30/55] posts/2021-09-11-data-science-and-911.qmd[39m[22m
[1m[34m[31/55] posts/2022-04-24-writing-saves-introverts.qmd[39m[22m
[1m[34m[32/55] posts/2021-07-13-so-you-want-to-be-a-manager.qmd[39m[22m
[1m[34m[33/55] posts/2022-04-04-south-carolina-dolphins.qmd[39m[22m
[1m[34m[34/55] posts/2019-01-29-installing-arch-linux.qmd[39m[22m
[1m[34m[35/55] posts/2022-04-13-my-policies-around-interviewing.qmd[39m[22m
[1m[34m[36/55] posts/2021-06-19-im-a-hiring-manager-this-is-why-i-didnt-answer-your-linkedin-message.qmd[39m[22m
[1m[34m[37/55] posts/2021-11-29-weak-baselines.qmd[39m[22m
[1m[34m[38/55] posts/2022-06-28-farmers-dog.qmd[39m[22m
[1m[34m[39/55] posts/2021-04-30-some-tips-for-technical-interviews.qmd[39m[22m
[1m[34m[40/55] posts/2021-08-17-the-neurodivergent-manager.qmd[39m[22m
[1m[34m[41/55] posts/2022-06-27-automatically-posting-to-linkedin.qmd[39m[22m
[1m[34m[42/55] posts/2021-09-18-writing-good-emails.qmd[39m[22m
[1m[34m[43/55] posts/2021-06-05-what-happens-when-a-hiring-manager-posts-a-position-on-linkedin.qmd[39m[22m
[1m[34m[44/55] posts/2021-07-02-how-to-fail-a-technical-phone-screen.qmd[39m[22m
[1m[34m[45/55] posts/2021-10-05-optimization-algorithms-for-your-career.qmd[39m[22m
[1m[34m[46/55] posts/2021-07-22-the-xy-problem.qmd[39m[22m
[1m[34m[47/55] posts/2018-08-23-yo-stroopwafel.qmd[39m[22m
[1m[34m[48/55] posts/2021-12-14-using-corn-cob-lights-to-beat-seasonal-blues.qmd[39m[22m
[1m[34m[49/55] posts/2021-10-10-do-you-know-how-smart-i-am-in-portuguese.qmd[39m[22m
[1m[34m[50/55] posts/2022-04-11-leaving-amazon.qmd[39m[22m
[1m[34m[51/55] posts/2021-07-31-so-you-want-to-become-a-manager.qmd[39m[22m
[1m[34m[52/55] posts/2021-11-22-reverse-causation.qmd[39m[22m
[1m[34m[53/55] posts/2021-05-12-getting-nervous.qmd[39m[22m
[1m[34m[54/55] posts/2022-06-16-failing-to-lead-by-example.qmd[39m[22m
[1m[34m[55/55] utils/2022-06-20-computer-urinal.qmd[39m[22m

[1m[34m./post-render.sh[39m[22m
Finished rendering on Fri Jun 24 14:00:19 PDT 2022
[main 74208a6] Rendered on Fri Jun 24 14:00:19 PDT 2022
 57 files changed, 163 insertions(+), 160 deletions(-)
To github.com:lucas-a-meyer/lucas-a-meyer.github.io.git
   3e7e4a5..74208a6  main -> main

Output created: docs/index.html

